<?xml version="1.0" encoding="UTF-8"?>
<testsuite name="AppTest" tests="1" skipped="0" failures="0" errors="0" timestamp="2025-08-06T03:21:17" hostname="bagtaewon-ui-noteubug.local" time="0.05">
  <properties/>
  <testcase name="수정()" classname="AppTest" time="0.05"/>
  <system-out><![CDATA[모든 파일 삭제 완료!
]]></system-out>
  <system-err><![CDATA[]]></system-err>
</testsuite>
